/home/lilith/projects/Collections/include/standard_functions/check.hpp:19: warning: multiple use of section label 'module_features_sec' while adding section, (first occurrence: /home/lilith/projects/Collections/include/linear/vector.hpp, line 22)
/home/lilith/projects/Collections/include/standard_functions/check.hpp:27: warning: multiple use of section label 'module_usage_sec' while adding section, (first occurrence: /home/lilith/projects/Collections/include/linear/vector.hpp, line 31)
/home/lilith/projects/Collections/include/standard_functions/conversion.hpp:23: warning: multiple use of section label 'module_features_sec' while adding section, (first occurrence: /home/lilith/projects/Collections/include/linear/vector.hpp, line 22)
/home/lilith/projects/Collections/include/standard_functions/conversion.hpp:31: warning: multiple use of section label 'module_usage_sec' while adding section, (first occurrence: /home/lilith/projects/Collections/include/linear/vector.hpp, line 31)
/home/lilith/projects/Collections/test/test_colors.hpp:16: warning: multiple use of section label 'module_features_sec' while adding section, (first occurrence: /home/lilith/projects/Collections/include/linear/vector.hpp, line 22)
/home/lilith/projects/Collections/test/test_colors.hpp:22: warning: multiple use of section label 'module_usage_sec' while adding section, (first occurrence: /home/lilith/projects/Collections/include/linear/vector.hpp, line 31)
Doxygen version used: 1.16.1
Searching for include files...
Searching for example files...
Searching for images...
Searching for dot files...
Searching for msc files...
Searching for dia files...
Searching for plantuml files...
Searching for files to exclude
Searching INPUT for files to process...
Searching for files in directory /home/lilith/projects/Collections/include
Searching for files in directory /home/lilith/projects/Collections/include/linear
Searching for files in directory /home/lilith/projects/Collections/include/linear/src
Searching for files in directory /home/lilith/projects/Collections/include/tree
Searching for files in directory /home/lilith/projects/Collections/include/standard_functions
Searching for files in directory /home/lilith/projects/Collections/src
Searching for files in directory /home/lilith/projects/Collections/test
Reading and parsing tag files
Parsing files
Preprocessing /home/lilith/projects/Collections/include/linear/deque.hpp...
Parsing file /home/lilith/projects/Collections/include/linear/deque.hpp...
Preprocessing /home/lilith/projects/Collections/include/linear/double_linked_list.hpp...
Parsing file /home/lilith/projects/Collections/include/linear/double_linked_list.hpp...
Preprocessing /home/lilith/projects/Collections/include/linear/linked_list.hpp...
Parsing file /home/lilith/projects/Collections/include/linear/linked_list.hpp...
Preprocessing /home/lilith/projects/Collections/include/linear/queue.hpp...
Parsing file /home/lilith/projects/Collections/include/linear/queue.hpp...
Reading /home/lilith/projects/Collections/include/linear/src/deque.tpp...
Reading /home/lilith/projects/Collections/include/linear/src/double_linked_list.tpp...
Reading /home/lilith/projects/Collections/include/linear/src/linked_list.tpp...
Reading /home/lilith/projects/Collections/include/linear/src/queue.tpp...
Reading /home/lilith/projects/Collections/include/linear/src/stack.tpp...
Reading /home/lilith/projects/Collections/include/linear/src/vector.tpp...
Preprocessing /home/lilith/projects/Collections/include/linear/stack.hpp...
Parsing file /home/lilith/projects/Collections/include/linear/stack.hpp...
Preprocessing /home/lilith/projects/Collections/include/linear/vector.hpp...
Parsing file /home/lilith/projects/Collections/include/linear/vector.hpp...
Preprocessing /home/lilith/projects/Collections/include/standard_functions/check.hpp...
Parsing file /home/lilith/projects/Collections/include/standard_functions/check.hpp...
Preprocessing /home/lilith/projects/Collections/include/standard_functions/conversion.hpp...
Parsing file /home/lilith/projects/Collections/include/standard_functions/conversion.hpp...
Preprocessing /home/lilith/projects/Collections/include/super_lib.hpp...
Parsing file /home/lilith/projects/Collections/include/super_lib.hpp...
Preprocessing /home/lilith/projects/Collections/include/tree/binary_tree.hpp...
Parsing file /home/lilith/projects/Collections/include/tree/binary_tree.hpp...
Reading /home/lilith/projects/Collections/include/tree/binary_tree.tpp...
Preprocessing /home/lilith/projects/Collections/src/check.cpp...
Parsing file /home/lilith/projects/Collections/src/check.cpp...
Preprocessing /home/lilith/projects/Collections/src/conversion.cpp...
Parsing file /home/lilith/projects/Collections/src/conversion.cpp...
Preprocessing /home/lilith/projects/Collections/test/test_check.cpp...
Parsing file /home/lilith/projects/Collections/test/test_check.cpp...
Preprocessing /home/lilith/projects/Collections/test/test_colors.hpp...
Parsing file /home/lilith/projects/Collections/test/test_colors.hpp...
Preprocessing /home/lilith/projects/Collections/test/test_conversion.cpp...
Parsing file /home/lilith/projects/Collections/test/test_conversion.cpp...
Preprocessing /home/lilith/projects/Collections/test/test_deque.cpp...
Parsing file /home/lilith/projects/Collections/test/test_deque.cpp...
Preprocessing /home/lilith/projects/Collections/test/test_double_linked_list.cpp...
Parsing file /home/lilith/projects/Collections/test/test_double_linked_list.cpp...
Preprocessing /home/lilith/project/home/lilith/projects/Collections/test/test_conversion.cpp:2: warning: Found non-existing group 'testing' for the command '@ingroup', ignoring command
/home/lilith/projects/Collections/test/test_deque.cpp:2: warning: Found non-existing group 'testing' for the command '@ingroup', ignoring command
/home/lilith/projects/Collections/test/test_double_linked_list.cpp:2: warning: Found non-existing group 'testing' for the command '@ingroup', ignoring command
/home/lilith/projects/Collections/test/test_linked_list.cpp:2: warning: Found non-existing group 'testing' for the command '@ingroup', ignoring command
/home/lilith/projects/Collections/test/test_queue.cpp:2: warning: Found non-existing group 'testing' for the command '@ingroup', ignoring command
/home/lilith/projects/Collections/test/test_stack.cpp:2: warning: Found non-existing group 'testing' for the command '@ingroup', ignoring command
/home/lilith/projects/Collections/test/test_check.cpp:133: warning: Found non-existing group 'testing' for the command '@ingroup', ignoring command
/home/lilith/projects/Collections/test/test_check.cpp:157: warning: Found non-existing group 'testing' for the command '@ingroup', ignoring command
/home/lilith/projects/Collections/test/test_check.cpp:181: warning: Found non-existing group 'testing' for the command '@ingroup', ignoring command
/home/lilith/projects/Collections/test/test_check.cpp:208: warning: Found non-existing group 'testing' for the command '@ingroup', ignoring command
/home/lilith/projects/Collections/test/test_check.cpp:239: warning: Found non-existing group 'testing' for the command '@ingroup', ignoring command
/home/lilith/projects/Collections/test/test_conversion.cpp:29: warning: Found non-existing group 'testing' for the command '@ingroup', ignoring command
/home/lilith/projects/Collections/test/test_conversion.cpp:62: warning: Found non-existing group 'testing' for the command '@ingroup', ignoring command
/home/lilith/projects/Collections/test/test_conversion.cpp:82: warning: Found non-existing group 'testing' for the command '@ingroup', ignoring command
/home/lilith/projects/Collections/test/test_conversion.cpp:102: warning: Found non-existing group 'testing' for the command '@ingroup', ignoring command
/home/lilith/projects/Collections/test/test_conversion.cpp:130: warning: Found non-existing group 'testing' for the command '@ingroup', ignoring command
/home/lilith/projects/Collections/test/test_conversion.cpp:158: warning: Found non-existing group 'testing' for the command '@ingroup', ignoring command
/home/lilith/projects/Collections/test/test_conversion.cpp:186: warning: Found non-existing group 'testing' for the command '@ingroup', ignoring command
/home/lilith/projects/Collections/test/test_conversion.cpp:210: warning: Found non-existing group 'testing' for the command '@ingroup', ignoring command
/home/lilith/projects/Collections/test/test_conversion.cpp:239: warning: Found non-existing group 'testing' for the command '@ingroup', ignoring command
/home/lilith/projects/Collections/test/test_conversion.cpp:267: warning: Found non-existing group 'testing' for the command '@ingroup', ignoring command
/home/lilith/projects/Collections/test/test_conversion.cpp:292: warning: Found non-existing group 'testing' for the command '@ingroup', ignoring command
/home/lilith/projects/Collections/test/test_conversion.cpp:317: warning: Found non-existing group 'testing' for the command '@ingroup', ignoring command
/home/lilith/projects/Collections/test/test_deque.cpp:30: warning: Found non-existing group 'testing' for the command '@ingroup', ignoring command
/home/lilith/projects/Collections/test/test_deque.cpp:65: warning: Found non-existing group 'testing' for the command '@ingroup', ignoring command
/home/lilith/projects/Collections/test/test_deque.cpp:102: warning: Found non-existing group 'testing' for the command '@ingroup', ignoring command
/home/lilith/projects/Collections/test/test_deque.cpp:141: warning: Found non-existing group 'testing' for the command '@ingroup', ignoring command
/home/lilith/projects/Collections/test/test_deque.cpp:169: warning: Found non-existing group 'testing' for the command '@ingroup', ignoring command
/home/lilith/projects/Collections/test/test_deque.cpp:192: warning: Found non-existing group 'testing' for the command '@ingroup', ignoring command
/home/lilith/projects/Collections/test/test_deque.cpp:220: warning: Found non-existing group 'testing' for the command '@ingroup', ignoring command
/home/lilith/projects/Collections/test/test_deque.cpp:252: warning: Found non-existing group 'testing' for the command '@ingroup', ignoring command
/home/lilith/projects/Collections/test/test_deque.cpp:311: warning: Found non-existing group 'testing' for the command '@ingroup', ignoring command
/home/lilith/projects/Collections/test/test_deque.cpp:346: warning: Found non-existing group 'testing' for the command '@ingroup', ignoring command
/home/lilith/projects/Collections/test/test_deque.cpp:376: warning: Found non-existing group 'testing' for the command '@ingroup', ignoring command
/home/lilith/projects/Collections/test/test_deque.cpp:408: warning: Found non-existing group 'testing' for the command '@ingroup', ignoring command
/home/lilith/projects/Collections/test/test_deque.cpp:443: warning: Found non-existing group 'testing' for the command '@ingroup', ignoring command
/home/lilith/projects/Collections/test/test_deque.cpp:498: warning: Found non-existing group 'testing' for the command '@ingroup', ignoring command
/home/lilith/projects/Collections/test/test_deque.cpp:542: warning: Found non-existing group 'testing' for the command '@ingroup', ignoring command
/home/lilith/projects/Collections/test/test_deque.cpp:583: warning: Found non-existing group 'testing' for the command '@ingroup', ignoring command
/home/lilith/projects/Collections/test/test_double_linked_list.cpp:30: warning: Found non-existing group 'testing' for the command '@ingroup', ignoring command
/home/lilith/projects/Collections/test/test_double_linked_list.cpp:65: warning: Found non-existing group 'testing' for the command '@ingroup', ignoring command
/home/lilith/projects/Collections/test/test_double_linked_list.cpp:102: warning: Found non-existing group 'testing' for the command '@ingroup', ignoring command
/home/lilith/projects/Collections/test/test_double_linked_list.cpp:145: warning: Found non-existing group 'testing' for the command '@ingroup', ignoring command
/home/lilith/projects/Collections/test/test_double_linked_list.cpp:185: warning: Found non-existing group 'testing' for the command '@ingroup', ignoring command
/home/lilith/projects/Collections/test/test_double_linked_list.cpp:210: warning: Found non-existing group 'testing' for the command '@ingroup', ignoring command
/home/lilith/projects/Collections/test/test_double_linked_list.cpp:239: warning: Found non-existing group 'testing' for the command '@ingroup', ignoring command
/home/lilith/projects/Collections/test/test_double_linked_list.cpp:272: warning: Found non-existing group 'testing' for the command '@ingroup', ignoring command
/home/lilith/projects/Collections/test/test_double_linked_list.cpp:318: warning: Found non-existing group 'testing' for the command '@ingroup', ignoring command
/home/lilith/projects/Collections/test/test_double_linked_list.cpp:352: warning: Found non-existing group 'testing' for the command '@ingroup', ignoring command
/home/lilith/projects/Collections/test/test_double_linked_list.cpp:394: warning: Found non-existing group 'testing' for the command '@ingroup', ignoring command
/home/lilith/projects/Collections/test/test_double_linked_list.cpp:426: warning: Found non-existing group 'testing' for the command '@ingroup', ignoring command
/home/lilith/projects/Collections/test/test_double_linked_list.cpp:480: warning: Found non-existing group 'testing' for the command '@ingroup', ignoring command
/home/lilith/projects/Collections/test/test_linked_list.cpp:29: warning: Found non-existing group 'testing' for the command '@ingroup', ignoring command
/home/lilith/projects/Collections/test/test_linked_list.cpp:64: warning: Found non-existing group 'testing' for the command '@ingroup', ignoring command
/home/lilith/projects/Collections/test/test_linked_list.cpp:101: warning: Found non-existing group 'testing' for the command '@ingroup', ignoring command
/home/lilith/projects/Collections/test/test_linked_list.cpp:144: warning: Found non-existing group 'testing' for the command '@ingroup', ignoring command
/home/lilith/projects/Collections/test/test_linked_list.cpp:184: warning: Found non-existing group 'testing' for the command '@ingroup', ignoring command
/home/lilith/projects/Collections/test/test_linked_list.cpp:209: warning: Found non-existing group 'testing' for the command '@ingroup', ignoring command
/home/lilith/projects/Collections/test/test_linked_list.cpp:238: warning: Found non-existing group 'testing' for the command '@ingroup', ignoring command
/home/lilith/projects/Collections/test/test_linked_list.cpp:268: warning: Found non-existing group 'testing' for the command '@ingroup', ignoring command
/home/lilith/projects/Collections/test/test_linked_list.cpp:309: warning: Found non-existing group 'testing' for the command '@ingroup', ignoring command
/home/lilith/projects/Collections/test/test_linked_list.cpp:345: warning: Found non-existing group 'testing' for the command '@ingroup', ignoring command
/home/lilith/projects/Collections/test/test_linked_list.cpp:375: warning: Found non-existing group 'testing' for the command '@ingroup', ignoring command
/home/lilith/projects/Collections/test/test_linked_list.cpp:408: warning: Found non-existing group 'testing' for the command '@ingroup', ignoring command
/home/lilith/projects/Collections/test/test_linked_list.cpp:452: warning: Found non-existing group 'testing' for the command '@ingroup', ignoring command
/home/lilith/projects/Collections/test/test_queue.cpp:29: warning: Found non-existing group 'testing' for the command '@ingroup', ignoring command
/home/lilith/projects/Collections/test/test_queue.cpp:64: warning: Found non-existing group 'testing' for the command '@ingroup', ignoring command
/home/lilith/projects/Collections/test/test_queue.cpp:101: warning: Found non-existing group 'testing' for the command '@ingroup', ignoring command
/home/lilith/projects/Collections/test/test_queue.cpp:144: warning: Found non-existing group 'testing' for the command '@ingroup', ignoring command
/home/lilith/projects/Collections/test/test_queue.cpp:169: warning: Found non-existing group 'testing' for the command '@ingroup', ignoring command
/home/lilith/projects/Collections/test/test_queue.cpp:198: warning: Found non-existing group 'testing' for the command '@ingroup', ignoring command
/home/lilith/projects/Collections/test/test_queue.cpp:229: warning: Found non-existing group 'testing' for the command '@ingroup', ignoring command
/home/lilith/projects/Collections/test/test_queue.cpp:284: warning: Found non-existing group 'testing' for the command '@ingroup', ignoring command
/home/lilith/projects/Collections/test/test_queue.cpp:315: warning: Found non-existing group 'testing' for the command '@ingroup', ignoring command
/home/lilith/projects/Collections/test/test_queue.cpp:351: warning: Found non-existing group 'testing' for the command '@ingroup', ignoring command
/home/lilith/projects/Collections/test/test_queue.cpp:387: warning: Found non-existing group 'testing' for the command '@ingroup', ignoring command
/home/lilith/projects/Collections/test/test_queue.cpp:425: warning: Found non-existing group 'testing' for the command '@ingroup', ignoring command
/home/lilith/projects/Collections/test/test_stack.cpp:29: warning: Found non-existing group 'testing' for the command '@ingroup', ignoring command
/home/lilith/projects/Collections/test/test_stack.cpp:64: warning: Found non-existing group 'testing' for the command '@ingroup', ignoring command
/home/lilith/projects/Collections/test/test_stack.cpp:101: warning: Found non-existing group 'testing' for the command '@ingroup', ignoring command
/home/lilith/projects/Collections/test/test_stack.cpp:142: warning: Found non-existing group 'testing' for the command '@ingroup', ignoring command
/home/lilith/projects/Collections/test/test_stack.cpp:165: warning: Found non-existing group 'testing' for the command '@ingroup', ignoring command
/home/lilith/projects/Collections/test/test_stack.cpp:193: warning: Found non-existing group 'testing' for the command '@ingroup', ignoring command
/home/lilith/projects/Collections/test/test_stack.cpp:217: warning: Found non-existing group 'testing' for the command '@ingroup', ignoring command
/home/lilith/projects/Collections/test/test_stack.cpp:263: warning: Found non-existing group 'testing' for the command '@ingroup', ignoring command
/home/lilith/projects/Collections/test/test_stack.cpp:297: warning: Found non-existing group 'testing' for the command '@ingroup', ignoring command
/home/lilith/projects/Collections/test/test_stack.cpp:332: warning: Found non-existing group 'testing' for the command '@ingroup', ignoring command
/home/lilith/projects/Collections/test/test_stack.cpp:362: warning: Found non-existing group 'testing' for the command '@ingroup', ignoring command
/home/lilith/projects/Collections/test/test_vector.cpp:142: warning: Found non-existing group 'testing' for the command '@ingroup', ignoring command
/home/lilith/projects/Collections/test/test_vector.cpp:182: warning: Found non-existing group 'testing' for the command '@ingroup', ignoring command
/home/lilith/projects/Collections/test/test_vector.cpp:205: warning: Found non-existing group 'testing' for the command '@ingroup', ignoring command
/home/lilith/projects/Collections/test/test_vector.cpp:233: warning: Found non-existing group 'testing' for the command '@ingroup', ignoring command
/home/lilith/projects/Collections/test/test_vector.cpp:257: warning: Found non-existing group 'testing' for the command '@ingroup', ignoring command
/home/lilith/projects/Collections/test/test_vector.cpp:292: warning: Found non-existing group 'testing' for the command '@ingroup', ignoring command
/home/lilith/projects/Collections/test/test_vector.cpp:327: warning: Found non-existing group 'testing' for the command '@ingroup', ignoring command
/home/lilith/projects/Collections/test/test_vector.cpp:368: warning: Found non-existing group 'testing' for the command '@ingroup', ignoring command
/home/lilith/projects/Collections/test/test_vector.cpp:402: warning: Found non-existing group 'testing' for the command '@ingroup', ignoring command
/home/lilith/projects/Collections/test/test_vector.cpp:437: warning: Found non-existing group 'testing' for the command '@ingroup', ignoring command
s/Collections/test/test_linked_list.cpp...
Parsing file /home/lilith/projects/Collections/test/test_linked_list.cpp...
Preprocessing /home/lilith/projects/Collections/test/test_queue.cpp...
Parsing file /home/lilith/projects/Collections/test/test_queue.cpp...
Preprocessing /home/lilith/projects/Collections/test/test_stack.cpp...
Parsing file /home/lilith/projects/Collections/test/test_stack.cpp...
Preprocessing /home/lilith/projects/Collections/test/test_vector.cpp...
Parsing file /home/lilith/projects/Collections/test/test_vector.cpp...
Building macro definition list...
Building group list...
Building directory list...
Building namespace list...
Building file list...
Building class list...
Building concept list...
Computing nesting relations for classes...
Associating documentation with classes...
Associating documentation with concepts...
Associating documentation with modules...
Building example list...
Searching for enumerations...
Searching for documented typedefs...
Searching for members imported via using declarations...
Searching for included using directives...
Searching for documented variables...
Building interface member list...
Building member list...
Searching for friends...
Searching for documented defines...
Computing class inheritance relations...
Computing class usage relations...
Flushing cached template relations that have become invalid...
Warn for undocumented namespaces...
Computing class relations...
Add enum values to enums...
Searching for member function documentation...
Creating members for template instances...
Building page list...
Building requirements list...
Search for main page...
Computing page relations...
Determining the scope of groups...
Computing module relations...
Sorting lists...
Determining which enums are documented
Computing member relations...
Building full member lists recursively...
Adding members to member groups.
Computing member references...
Inheriting documentation...
Generating disk names...
Adding source references...
Adding xrefitems...
Adding requirements...
Sorting member lists...
Setting anonymous enum type...
Computing dependencies between directories...
Generating citations page...
Counting members...
Counting data structures...
Resolving user defined references...
Finding anchors and sections in the documentation...
Transferring function references...
Combining using relations...
Adding members to index pages...
Correcting members for VHDL...
Computing tooltip texts...
Generating style sheet...
Generating search indices...
Generating example documentation...
Generating file sources...
Generating code for file include/linear/deque.hpp...
Generating code for file include/linear/double_linked_list.hpp...
Generating code for file include/linear/linked_list.hpp...
Generating code for file include/linear/queue.hpp...
Generating code for file include/linear/src/deque.tpp...
Generating code for file include/linear/src/double_linked_list.tpp...
Generating code for file include/linear/src/linked_list.tpp...
Generating code for file include/linear/src/queue.tpp...
Generating code for file include/linear/src/stack.tpp...
Generating code for file include/linear/src/vector.tpp...
Generating code for file include/linear/stack.hpp...
Generating code for file include/linear/vector.hpp...
Generating code for file include/standard_functions/check.hpp...
Generating code for file include/standard_functions/conversion.hpp...
Generating code for file include/super_lib.hpp...
Generating code for file include/tree/binary_tree.hpp...
Generating code for file test/test_colors.hpp...
Generating file documentation...
Generating docs for file include/linear/deque.hpp...
Generating docs for file include/linear/double_linked_list.hpp...
Generating docs for file include/linear/linked_list.hpp...
Generating docs for file include/linear/queue.hpp...
Generating docs for file include/linear/stack.hpp...
Generating docs for file include/linear/vector.hpp...
Generating docs for file include/standard_functions/check.hpp...
Generating docs for file include/standard_functions/conversion.hpp...
Genera/home/lilith/projects/Collections/test/test_check.cpp:261: warning: Member main() (function) of file test_check.cpp is not documented.
/home/lilith/projects/Collections/test/test_conversion.cpp:333: warning: Member main() (function) of file test_conversion.cpp is not documented.
/home/lilith/projects/Collections/test/test_deque.cpp:630: warning: Member main() (function) of file test_deque.cpp is not documented.
/home/lilith/projects/Collections/test/test_double_linked_list.cpp:526: warning: Member main() (function) of file test_double_linked_list.cpp is not documented.
/home/lilith/projects/Collections/test/test_linked_list.cpp:498: warning: Member main() (function) of file test_linked_list.cpp is not documented.
/home/lilith/projects/Collections/test/test_queue.cpp:471: warning: Member main() (function) of file test_queue.cpp is not documented.
/home/lilith/projects/Collections/test/test_stack.cpp:408: warning: Member main() (function) of file test_stack.cpp is not documented.
/home/lilith/projects/Collections/test/test_vector.cpp:483: warning: Member main() (function) of file test_vector.cpp is not documented.
/home/lilith/projects/Collections/include/linear/deque.hpp:64: warning: Member Deque(size_type count, const T &value) (function) of class Deque is not documented.
/home/lilith/projects/Collections/include/linear/deque.hpp:65: warning: Member Deque(const Deque &other) (function) of class Deque is not documented.
/home/lilith/projects/Collections/include/linear/deque.hpp:66: warning: Member Deque(Deque &&other) noexcept (function) of class Deque is not documented.
/home/lilith/projects/Collections/include/linear/deque.hpp:68: warning: Member Deque(const Container &other) (function) of class Deque is not documented.
/home/lilith/projects/Collections/include/linear/deque.hpp:71: warning: Member operator[](size_type index) (function) of class Deque is not documented.
/home/lilith/projects/Collections/include/linear/deque.hpp:72: warning: Member operator=(const Deque &other) (function) of class Deque is not documented.
/home/lilith/projects/Collections/include/linear/deque.hpp:73: warning: Member operator=(Deque &&other) noexcept (function) of class Deque is not documented.
/home/lilith/projects/Collections/include/linear/deque.hpp:75: warning: Member clear() noexcept (function) of class Deque is not documented.
/home/lilith/projects/Collections/include/linear/deque.hpp:76: warning: Member at(size_type index) const (function) of class Deque is not documented.
/home/lilith/projects/Collections/include/linear/deque.hpp:77: warning: Member push_back(const_reference value) (function) of class Deque is not documented.
/home/lilith/projects/Collections/include/linear/deque.hpp:78: warning: Member push_front(const_reference value) (function) of class Deque is not documented.
/home/lilith/projects/Collections/include/linear/deque.hpp:79: warning: Member pop_back() (function) of class Deque is not documented.
/home/lilith/projects/Collections/include/linear/deque.hpp:80: warning: Member pop_front() (function) of class Deque is not documented.
/home/lilith/projects/Collections/include/linear/deque.hpp:82: warning: Member size() const noexcept (function) of class Deque is not documented.
/home/lilith/projects/Collections/include/linear/deque.hpp:83: warning: Member capacity() const noexcept (function) of class Deque is not documented.
/home/lilith/projects/Collections/include/linear/deque.hpp:84: warning: Member head() const noexcept (function) of class Deque is not documented.
/home/lilith/projects/Collections/include/linear/deque.hpp:85: warning: Member tail() const noexcept (function) of class Deque is not documented.
/home/lilith/projects/Collections/include/linear/deque.hpp:86: warning: Member empty() const noexcept (function) of class Deque is not documented.
/home/lilith/projects/Collections/include/linear/deque.hpp:87: warning: Member data() noexcept (function) of class Deque is not documented.
/home/lilith/projects/Collections/include/linear/deque.hpp:88: warning: Member data() const noexcept (function) of class Deque is not documented.
/home/lilith/projects/Collections/include/linear/deque.hpp:89: warning: Member begin() noexcept (function) of class Deque is not documented.
/home/lilith/projects/Collections/include/linear/deque.hpp:90: warning: Member begin() const noexcept (function) of class Deque is not documented.
/home/lilith/projects/Collections/include/linear/deque.hpp:91: warning: Member end() noexcept (function) of class Deque is not documented.
/home/lilith/projects/Collections/include/linear/deque.hpp:92: warning: Member end() const noexcept (function) of class Deque is not documented.
/home/lilith/projects/Collections/include/linear/deque.hpp:46: warning: Member Iterator(T *data, size_t capacity, size_t head, size_t position) (function) of class Deque::Iterator is not documented.
/home/lilith/projects/Collections/include/linear/deque.hpp:48: warning: Member operator*() const (function) of class Deque::Iterator is not documented.
/home/lilith/projects/Collections/include/linear/deque.hpp:49: warning: Member operator++() (function) of class Deque::Iterator is not documented.
/home/lilith/projects/Collections/include/linear/deque.hpp:50: warning: Member operator!=(const Iterator &other) const (function) of class Deque::Iterator is not documented.
/home/lilith/projects/Collections/include/linear/deque.hpp:51: warning: Member operator==(const Iterator &other) const (function) of class Deque::Iterator is not documented.
/home/lilith/projects/Collections/include/linear/double_linked_list.hpp:77: warning: Member DoubleLinkedList(size_type count, const T &value) (function) of class DoubleLinkedList is not documented.
/home/lilith/projects/Collections/include/linear/double_linked_list.hpp:78: warning: Member DoubleLinkedList(const DoubleLinkedList &other) (function) of class DoubleLinkedList is not documented.
/home/lilith/projects/Collections/include/linear/double_linked_list.hpp:79: warning: Member DoubleLinkedList(DoubleLinkedList &&other) noexcept (function) of class DoubleLinkedList is not documented.
/home/lilith/projects/Collections/include/linear/double_linked_list.hpp:81: warning: Member DoubleLinkedList(const Container &other) (function) of class DoubleLinkedList is not documented.
/home/lilith/projects/Collections/include/linear/double_linked_list.hpp:84: warning: Member operator[](size_type index) (function) of class DoubleLinkedList is not documented.
/home/lilith/projects/Collections/include/linear/double_linked_list.hpp:85: warning: Member operator=(const DoubleLinkedList &other) (function) of class DoubleLinkedList is not documented.
/home/lilith/projects/Collections/include/linear/double_linked_list.hpp:86: warning: Member operator=(DoubleLinkedList &&other) (function) of class DoubleLinkedList is not documented.
/home/lilith/projects/Collections/include/linear/double_linked_list.hpp:88: warning: Member clear() noexcept (function) of class DoubleLinkedList is not documented.
/home/lilith/projects/Collections/include/linear/double_linked_list.hpp:89: warning: Member at(size_type index) const (function) of class DoubleLinkedList is not documented.
/home/lilith/projects/Collections/include/linear/double_linked_list.hpp:90: warning: Member add(const_reference value) (function) of class DoubleLinkedList is not documented.
/home/lilith/projects/Collections/include/linear/double_linked_list.hpp:91: warning: Member insert(size_type index, const_reference value) (function) of class DoubleLinkedList is not documented.
/home/lilith/projects/Collections/include/linear/double_linked_list.hpp:92: warning: Member erase(size_type index) (function) of class DoubleLinkedList is not documented.
/home/lilith/projects/Collections/include/linear/double_linked_list.hpp:94: warning: Member size() const noexcept (function) of class DoubleLinkedList is not documented.
/home/lilith/projects/Collections/include/linear/double_linked_list.hpp:95: warning: Member empty() const noexcept (function) of class DoubleLinkedList is not documented.
/home/lilith/projects/Collections/include/linear/double_linked_list.hpp:96: warning: Member head() noexcept (function) of class DoubleLinkedList is not documented.
/home/lilith/projects/Collections/include/linear/double_linked_list.hpp:97: warning: Member head() const noexcept (function) of class DoubleLinkedList is not documented.
/home/lilith/projects/Collections/include/linear/double_linked_list.hpp:98: warning: Member tail() noexcept (function) of class DoubleLinkedList is not documented.
/home/lilith/projects/Collections/include/linear/double_linked_list.hpp:99: warning: Member tail() const noexcept (function) of class DoubleLinkedList is not documented.
/home/lilith/projects/Collections/include/linear/double_linked_list.hpp:101: warning: Member begin() noexcept (function) of class DoubleLinkedList is not documented.
/home/lilith/projects/Collections/include/linear/double_linked_list.hpp:102: warning: Member end() noexcept (function) of class DoubleLinkedList is not documented.
/home/lilith/projects/Collections/include/linear/double_linked_list.hpp:103: warning: Member begin() const noexcept (function) of class DoubleLinkedList is not documented.
/home/lilith/projects/Collections/include/linear/double_linked_list.hpp:104: warning: Member end() const noexcept (function) of class DoubleLinkedList is not documented.
/home/lilith/projects/Collections/include/linear/double_linked_list.hpp:42: warning: Member Node(const T &value) (function) of struct DoubleLinkedList::Node is not documented.
/home/lilith/projects/Collections/include/linear/double_linked_list.hpp:58: warning: Member Iterator(Node *node) (function) of class DoubleLinkedList::Iterator is not documented.
/home/lilith/projects/Collections/include/linear/double_linked_list.hpp:60: warning: Member operator*() const (function) of class DoubleLinkedList::Iterator is not documented.
/home/lilith/projects/Collections/include/linear/double_linked_list.hpp:61: warning: Member operator++() (function) of class DoubleLinkedList::Iterator is not documented.
/home/lilith/projects/Collections/include/linear/double_linked_list.hpp:62: warning: Member operator--() (function) of class DoubleLinkedList::Iterator is not documented.
/home/lilith/projects/Collections/include/linear/double_linked_list.hpp:63: warning: Member operator!=(const Iterator &other) const (function) of class DoubleLinkedList::Iterator is not documented.
/home/lilith/projects/Collections/include/linear/double_linked_list.hpp:64: warning: Member operator==(const Iterator &other) const (function) of class DoubleLinkedList::Iterator is not documented.
/home/lilith/projects/Collections/include/linear/linked_list.hpp:74: warning: Member LinkedList(size_type count, const T &value) (function) of class LinkedList is not documented.
/home/lilith/projects/Collections/include/linear/linked_list.hpp:75: warning: Member LinkedList(const LinkedList &other) (function) of class LinkedList is not documented.
/home/lilith/projects/Collections/include/linear/linked_list.hpp:76: warning: Member LinkedList(LinkedList &&other) noexcept (function) of class LinkedList is not documented.
/home/lilith/projects/Collections/include/linear/linked_list.hpp:78: warning: Member LinkedList(const Container &other) (function) of class LinkedList is not documented.
/home/lilith/projects/Collections/include/linear/linked_list.hpp:81: warning: Member operator[](size_type index) (function) of class LinkedList is not documented.
/home/lilith/projects/Collections/include/linear/linked_list.hpp:82: warning: Member operator=(const LinkedList &other) (function) of class LinkedList is not documented.
/home/lilith/projects/Collections/include/linear/linked_list.hpp:83: warning: Member operator=(LinkedList &&other) (function) of class LinkedList is not documented.
/home/lilith/projects/Collections/include/linear/linked_list.hpp:85: warning: Member clear() noexcept (function) of class LinkedList is not documented.
/home/lilith/projects/Collections/include/linear/linked_list.hpp:86: warning: Member at(size_type index) const (function) of class LinkedList is not documented.
/home/lilith/projects/Collections/include/linear/linked_list.hpp:87: warning: Member add(const_reference value) (function) of class LinkedList is not documented.
/home/lilith/projects/Collections/include/linear/linked_list.hpp:88: warning: Member insert(size_type index, const_reference value) (function) of class LinkedList is not documented.
/home/lilith/projects/Collections/include/linear/linked_list.hpp:89: warning: Member erase(size_type index) (function) of class LinkedList is not documented.
/home/lilith/projects/Collections/include/linear/linked_list.hpp:91: warning: Member size() const noexcept (function) of class LinkedList is not documented.
/home/lilith/projects/Collections/include/linear/linked_list.hpp:92: warning: Member empty() const noexcept (function) of class LinkedList is not documented.
/home/lilith/projects/Collections/include/linear/linked_list.hpp:93: warning: Member head() noexcept (function) of class LinkedList is not documented.
/home/lilith/projects/Collections/include/linear/linked_list.hpp:94: warning: Member head() const noexcept (function) of class LinkedList is not documented.
/home/lilith/projects/Collections/include/linear/linked_list.hpp:95: warning: Member tail() noexcept (function) of class LinkedList is not documented.
/home/lilith/projects/Collections/include/linear/linked_list.hpp:96: warning: Member tail() const noexcept (function) of class LinkedList is not documented.
/home/lilith/projects/Collections/include/linear/linked_list.hpp:98: warning: Member begin() noexcept (function) of class LinkedList is not documented.
/home/lilith/projects/Collections/include/linear/linked_list.hpp:99: warning: Member end() noexcept (function) of class LinkedList is not documented.
/home/lilith/projects/Collections/include/linear/linked_list.hpp:100: warning: Member begin() const noexcept (function) of class LinkedList is not documented.
/home/lilith/projects/Collections/include/linear/linked_list.hpp:101: warning: Member end() const noexcept (function) of class LinkedList is not documented.
/home/lilith/projects/Collections/include/linear/linked_list.hpp:41: warning: Member Node(const T &value) (function) of struct LinkedList::Node is not documented.
/home/lilith/projects/Collections/include/linear/linked_list.hpp:56: warning: Member Iterator(Node *node) (function) of class LinkedList::Iterator is not documented.
/home/lilith/projects/Collections/include/linear/linked_list.hpp:58: warning: Member operator*() const (function) of class LinkedList::Iterator is not documented.
/home/lilith/projects/Collections/include/linear/linked_list.hpp:59: warning: Member operator++() (function) of class LinkedList::Iterator is not documented.
/home/lilith/projects/Collections/include/linear/linked_list.hpp:60: warning: Member operator!=(const Iterator &other) const (function) of class LinkedList::Iterator is not documented.
/home/lilith/projects/Collections/include/linear/linked_list.hpp:61: warning: Member operator==(const Iterator &other) const (function) of class LinkedList::Iterator is not documented.
/home/lilith/projects/Collections/include/linear/queue.hpp:76: warning: Member Queue(size_type count, const T &value) (function) of class Queue is not documented.
/home/lilith/projects/Collections/include/linear/queue.hpp:77: warning: Member Queue(const Queue &other) (function) of class Queue is not documented.
/home/lilith/projects/Collections/include/linear/queue.hpp:78: warning: Member Queue(Queue &&other) noexcept (function) of class Queue is not documented.
/home/lilith/projects/Collections/include/linear/queue.hpp:80: warning: Member Queue(const Container &other) (function) of class Queue is not documented.
/home/lilith/projects/Collections/include/linear/queue.hpp:83: warning: Member operator[](size_type index) (function) of class Queue is not documented.
/home/lilith/projects/Collections/include/linear/queue.hpp:84: warning: Member operator=(const Queue &other) (function) of class Queue is not documented.
/home/lilith/projects/Collections/include/linear/queue.hpp:85: warning: Member operator=(Queue &&other) (function) of class Queue is not documented.
/home/lilith/projects/Collections/include/linear/queue.hpp:87: warning: Member clear() noexcept (function) of class Queue is not documented.
/home/lilith/projects/Collections/include/linear/queue.hpp:88: warning: Member at(size_type index) const (function) of class Queue is not documented.
/home/lilith/projects/Collections/include/linear/queue.hpp:89: warning: Member enqueue(const_reference value) (function) of class Queue is not documented.
/home/lilith/projects/Collections/include/linear/queue.hpp:90: warning: Member dequeue() (function) of class Queue is not documented.
/home/lilith/projects/Collections/include/linear/queue.hpp:92: warning: Member size() const noexcept (function) of class Queue is not documented.
/home/lilith/projects/Collections/include/linear/queue.hpp:93: warning: Member empty() const noexcept (function) of class Queue is not documented.
/home/lilith/projects/Collections/include/linear/queue.hpp:94: warning: Member head() noexcept (function) of class Queue is not documented.
/home/lilith/projects/Collections/include/linear/queue.hpp:95: warning: Member head() const noexcept (function) of class Queue is not documented.
/home/lilith/projects/Collections/include/linear/queue.hpp:96: warning: Member tail() noexcept (function) of class Queue is not documented.
/home/lilith/projects/Collections/include/linear/queue.hpp:97: warning: Member tail() const noexcept (function) of class Queue is not documented.
/home/lilith/projects/Collections/include/linear/queue.hpp:99: warning: Member begin() noexcept (function) of class Queue is not documented.
/home/lilith/projects/Collections/include/linear/queue.hpp:100: warning: Member end() noexcept (function) of class Queue is not documented.
/home/lilith/projects/Collections/include/linear/queue.hpp:101: warning: Member begin() const noexcept (function) of class Queue is not documented.
/home/lilith/projects/Collections/include/linear/queue.hpp:102: warning: Member end() const noexcept (function) of class Queue is not documented.
/home/lilith/projects/Collections/include/linear/queue.hpp:42: warning: Member Node(const T &value) (function) of struct Queue::Node is not documented.
/home/lilith/projects/Collections/include/linear/queue.hpp:57: warning: Member Iterator(Node *node) (function) of class Queue::Iterator is not documented.
/home/lilith/projects/Collections/include/linear/queue.hpp:59: warning: Member operator*() const (function) of class Queue::Iterator is not documented.
/home/lilith/projects/Collections/include/linear/queue.hpp:60: warning: Member operator++() (function) of class Queue::Iterator is not documented.
/home/lilith/projects/Collections/include/linear/queue.hpp:61: warning: Member operator--() (function) of class Queue::Iterator is not documented.
/home/lilith/projects/Collections/include/linear/queue.hpp:62: warning: Member operator!=(const Iterator &other) const (function) of class Queue::Iterator is not documented.
/home/lilith/projects/Collections/include/linear/queue.hpp:63: warning: Member operator==(const Iterator &other) const (function) of class Queue::Iterator is not documented.
/home/lilith/projects/Collections/include/linear/stack.hpp:40: warning: Member Stack(size_type count, const T &value) (function) of class Stack is not documented.
/home/lilith/projects/Collections/include/linear/stack.hpp:41: warning: Member Stack(const Stack &other) (function) of class Stack is not documented.
/home/lilith/projects/Collections/include/linear/stack.hpp:42: warning: Member Stack(Stack &&other) noexcept (function) of class Stack is not documented.
/home/lilith/projects/Collections/include/linear/stack.hpp:44: warning: Member Stack(const Container &other) (function) of class Stack is not documented.
/home/lilith/projects/Collections/include/linear/stack.hpp:47: warning: Member operator[](size_type index) (function) of class Stack is not documented.
/home/lilith/projects/Collections/include/linear/stack.hpp:48: warning: Member operator=(const Stack &other) (function) of class Stack is not documented.
/home/lilith/projects/Collections/include/linear/stack.hpp:49: warning: Member operator=(Stack &&other) noexcept (function) of class Stack is not documented.
/home/lilith/projects/Collections/include/linear/stack.hpp:51: warning: Member clear() noexcept (function) of class Stack is not documented.
/home/lilith/projects/Collections/include/linear/stack.hpp:52: warning: Member at(size_type index) const (function) of class Stack is not documented.
/home/lilith/projects/Collections/include/linear/stack.hpp:53: warning: Member push(const_reference value) (function) of class Stack is not documented.
/home/lilith/projects/Collections/include/linear/stack.hpp:54: warning: Member pop() (function) of class Stack is not documented.
/home/lilith/projects/Collections/include/linear/stack.hpp:56: warning: Member size() const noexcept (function) of class Stack is not documented.
/home/lilith/projects/Collections/include/linear/stack.hpp:57: warning: Member capacity() const noexcept (function) of class Stack is not documented.
/home/lilith/projects/Collections/include/linear/stack.hpp:58: warning: Member empty() const noexcept (function) of class Stack is not documented.
/home/lilith/projects/Collections/include/linear/stack.hpp:59: warning: Member data() noexcept (function) of class Stack is not documented.
/home/lilith/projects/Collections/include/linear/stack.hpp:60: warning: Member data() const noexcept (function) of class Stack is not documented.
/home/lilith/projects/Collections/include/linear/stack.hpp:62: warning: Member begin() noexcept (function) of class Stack is not documented.
/home/lilith/projects/Collections/include/linear/stack.hpp:63: warning: Member begin() const noexcept (function) of class Stack is not documented.
/home/lilith/projects/Collections/include/linear/stack.hpp:64: warning: Member end() noexcept (function) of class Stack is not documented.
/home/lilith/projects/Collections/include/linear/stack.hpp:65: warning: Member end() const noexcept (function) of class Stack is not documented.
/home/lilith/projects/Collections/include/linear/vector.hpp:65: warning: Member Vector(size_type count, const T &value) (function) of class Vector is not documented.
/home/lilith/projects/Collections/include/linear/vector.hpp:66: warning: Member Vector(const Vector &other) (function) of class Vector is not documented.
/home/lilith/projects/Collections/include/linear/vector.hpp:67: warning: Member Vector(Vector &&other) noexcept (function) of class Vector is not documented.
/home/lilith/projects/Collections/include/linear/vector.hpp:69: warning: Member Vector(const Container &other) (function) of class Vector is not documented.
/home/lilith/projects/Collections/include/linear/vector.hpp:72: warning: Member operator[](size_type index) (function) of class Vector is not documented.
/home/lilith/projects/Collections/include/linear/vector.hpp:73: warning: Member operator=(const Vector &other) (function) of class Vector is not documented.
/home/lilith/projects/Collections/include/linear/vector.hpp:74: warning: Member operator=(Vector &&other) noexcept (function) of class Vector is not documented.
/home/lilith/projects/Collections/include/linear/vector.hpp:76: warning: Member clear() noexcept (function) of class Vector is not documented.
/home/lilith/projects/Collections/include/linear/vector.hpp:77: warning: Member at(size_type index) const (function) of class Vector is not documented.
/home/lilith/projects/Collections/include/linear/vector.hpp:78: warning: Member add(const_reference value) (function) of class Vector is not documented.
/home/lilith/projects/Collections/include/linear/vector.hpp:79: warning: Member insert(size_type index, const_reference value) (function) of class Vector is not documented.
/home/lilith/projects/Collections/include/linear/vector.hpp:80: warning: Member erase(size_type index) (function) of class Vector is not documented.
/home/lilith/projects/Collections/include/linear/vector.hpp:82: warning: Member size() const noexcept (function) of class Vector is not documented.
/home/lilith/projects/Collections/include/linear/vector.hpp:83: warning: Member capacity() const noexcept (function) of class Vector is not documented.
/home/lilith/projects/Collections/include/linear/vector.hpp:84: warning: Member empty() const noexcept (function) of class Vector is not documented.
/home/lilith/projects/Collections/include/linear/vector.hpp:85: warning: Member data() noexcept (function) of class Vector is not documented.
/home/lilith/projects/Collections/include/linear/vector.hpp:86: warning: Member data() const noexcept (function) of class Vector is not documented.
/home/lilith/projects/Collections/include/linear/vector.hpp:88: warning: Member begin() noexcept (function) of class Vector is not documented.
/home/lilith/projects/Collections/include/linear/vector.hpp:89: warning: Member begin() const noexcept (function) of class Vector is not documented.
/home/lilith/projects/Collections/include/linear/vector.hpp:90: warning: Member end() noexcept (function) of class Vector is not documented.
/home/lilith/projects/Collections/include/linear/vector.hpp:91: warning: Member end() const noexcept (function) of class Vector is not documented.
/home/lilith/projects/Collections/include/super_lib.hpp:44: warning: explicit link request to 'include' could not be resolved
ting docs for file include/super_lib.hpp...
Generating docs for file src/check.cpp...
Generating docs for file src/conversion.cpp...
Generating docs for file test/test_check.cpp...
Generating docs for file test/test_colors.hpp...
Generating docs for file test/test_conversion.cpp...
Generating docs for file test/test_deque.cpp...
Generating docs for file test/test_double_linked_list.cpp...
Generating docs for file test/test_linked_list.cpp...
Generating docs for file test/test_queue.cpp...
Generating docs for file test/test_stack.cpp...
Generating docs for file test/test_vector.cpp...
Generating page documentation...
Generating group documentation...
Generating class documentation...
Generating docs for compound Deque< T >...
Generating docs for nested compound Deque< T >::Iterator...
Generating docs for compound DoubleLinkedList< T >...
Generating docs for nested compound DoubleLinkedList< T >::Node...
Generating docs for nested compound DoubleLinkedList< T >::Iterator...
Generating docs for compound LinkedList< T >...
Generating docs for nested compound LinkedList< T >::Node...
Generating docs for nested compound LinkedList< T >::Iterator...
Generating docs for compound Queue< T >...
Generating docs for nested compound Queue< T >::Node...
Generating docs for nested compound Queue< T >::Iterator...
Generating docs for compound Stack< T >...
Generating docs for compound Vector< T >...
Generating concept documentation...
Generating module documentation...
Generating namespace documentation...
Generating graph info page...
Generating directory documentation...
Generating index page...
Generating main page...
Generating page index...
Generating topic index...
Generating module index...
Generating module member index...
Generating namespace index...
Generating namespace member index...
Generating concept index...
Generating annotated compound index...
Generating alphabetical compound index...
Generating hierarchical class index...
Generating member index...
Generating file index...
Generating file member index...
Generating example index...
finalizing index lists...
writing tag file...
Running plantuml with JAVA...
type lookup cache used 204/65536 hits=240 misses=228
symbol lookup cache used 626/65536 hits=1416 misses=626
finished...
